<?xml version="1.0" encoding="UTF-8"?>
<!-- Generated by org.testng.reporters.JUnitXMLReporter -->
<testsuite hostname="Jasvithas-MacBook-Air.local" ignored="18" tests="0" failures="0" timestamp="2022-03-12T23:37:26 IST" time="0.001" errors="0">
  <testcase name="testUserAbleToFilterByPublicIPWithContainsCondition" time="0.0" classname="tests.Admin_Manage_EndpointTest">
    <ignored/>
  </testcase> <!-- testUserAbleToFilterByPublicIPWithContainsCondition -->
  <testcase name="testUserAbleToNaviagateEnpointPage" time="0.0" classname="tests.Admin_Manage_EndpointTest">
    <ignored/>
  </testcase> <!-- testUserAbleToNaviagateEnpointPage -->
  <testcase name="testUserAbleToFilterByPublicIPWithStartWithCondition" time="0.0" classname="tests.Admin_Manage_EndpointTest">
    <ignored/>
  </testcase> <!-- testUserAbleToFilterByPublicIPWithStartWithCondition -->
  <testcase name="testUserAbleToFilterByLOcalIPWithEqualsCondition" time="0.0" classname="tests.Admin_Manage_EndpointTest">
    <ignored/>
  </testcase> <!-- testUserAbleToFilterByLOcalIPWithEqualsCondition -->
  <testcase name="testUserAbleToFilterByMachineNameWithEqualsCondition" time="0.0" classname="tests.Admin_Manage_EndpointTest">
    <ignored/>
  </testcase> <!-- testUserAbleToFilterByMachineNameWithEqualsCondition -->
  <testcase name="testUserAbleToFilterByMachineNameWithContainCondition" time="0.0" classname="tests.Admin_Manage_EndpointTest">
    <ignored/>
  </testcase> <!-- testUserAbleToFilterByMachineNameWithContainCondition -->
  <testcase name="testUserAbleToSortMachineListByClickingOnColumnHeaderName" time="0.0" classname="tests.Admin_Manage_EndpointTest">
    <ignored/>
  </testcase> <!-- testUserAbleToSortMachineListByClickingOnColumnHeaderName -->
  <testcase name="testWhenUserClickingOnCancelButtonFilterPouupClosedWithoutFilter" time="0.0" classname="tests.Admin_Manage_EndpointTest">
    <ignored/>
  </testcase> <!-- testWhenUserClickingOnCancelButtonFilterPouupClosedWithoutFilter -->
  <testcase name="testUserAbleToFilterByAliasNameWithStartWithCondition" time="0.0" classname="tests.Admin_Manage_EndpointTest">
    <ignored/>
  </testcase> <!-- testUserAbleToFilterByAliasNameWithStartWithCondition -->
  <testcase name="testAllButtonFilterExportRefreshArePresentonTopLeftCornerOfEndpointPage" time="0.0" classname="tests.Admin_Manage_EndpointTest">
    <ignored/>
  </testcase> <!-- testAllButtonFilterExportRefreshArePresentonTopLeftCornerOfEndpointPage -->
  <testcase name="testUserAbleToFilterByAliasNameWithContainsCondition" time="0.0" classname="tests.Admin_Manage_EndpointTest">
    <ignored/>
  </testcase> <!-- testUserAbleToFilterByAliasNameWithContainsCondition -->
  <testcase name="testUserAbleToFilterByLOcalIPWithContainsCondition" time="0.0" classname="tests.Admin_Manage_EndpointTest">
    <ignored/>
  </testcase> <!-- testUserAbleToFilterByLOcalIPWithContainsCondition -->
  <testcase name="testUserAbleToRefreshPageByClickingOnRefreshButton" time="0.0" classname="tests.Admin_Manage_EndpointTest">
    <ignored/>
  </testcase> <!-- testUserAbleToRefreshPageByClickingOnRefreshButton -->
  <testcase name="testUserAbleToFilterByAliasNameWithEqualCondition" time="0.0" classname="tests.Admin_Manage_EndpointTest">
    <ignored/>
  </testcase> <!-- testUserAbleToFilterByAliasNameWithEqualCondition -->
  <testcase name="testWhenUserClickingOnClearButtonFilterValueResetToDefaultValue" time="0.0" classname="tests.Admin_Manage_EndpointTest">
    <ignored/>
  </testcase> <!-- testWhenUserClickingOnClearButtonFilterValueResetToDefaultValue -->
  <testcase name="testAllColumnHeaderNameShouldBeInDisplayInSameorderOfEndpointPage" time="0.0" classname="tests.Admin_Manage_EndpointTest">
    <ignored/>
  </testcase> <!-- testAllColumnHeaderNameShouldBeInDisplayInSameorderOfEndpointPage -->
  <testcase name="testUserAbleToFilterByPublicIPWithEqualsCondition" time="0.0" classname="tests.Admin_Manage_EndpointTest">
    <ignored/>
  </testcase> <!-- testUserAbleToFilterByPublicIPWithEqualsCondition -->
  <testcase name="testUserAbleToFilterByLOcalIPWithStartWithCondition" time="0.0" classname="tests.Admin_Manage_EndpointTest">
    <ignored/>
  </testcase> <!-- testUserAbleToFilterByLOcalIPWithStartWithCondition -->
</testsuite>
