<?xml version="1.0" encoding="UTF-8"?>
<!-- Generated by org.testng.reporters.JUnitXMLReporter -->
<testsuite hostname="Jasvithas-MacBook-Air.local" ignored="10" tests="0" failures="0" timestamp="2022-03-12T23:37:26 IST" time="0.002" errors="0">
  <testcase name="testApplicationAllowsToCreateAUserWithManageUserRole" time="0.0" classname="tests.Admin_UserTest">
    <ignored/>
  </testcase> <!-- testApplicationAllowsToCreateAUserWithManageUserRole -->
  <testcase name="testUserIsAbleDisabledUserAndCrossSignDisplayedWithUser" time="0.0" classname="tests.Admin_UserTest">
    <ignored/>
  </testcase> <!-- testUserIsAbleDisabledUserAndCrossSignDisplayedWithUser -->
  <testcase name="testApplicationAllowsToSetPassword" time="0.0" classname="tests.Admin_UserTest">
    <ignored/>
  </testcase> <!-- testApplicationAllowsToSetPassword -->
  <testcase name="testUserisAbleToFilterByNameFieldWithContainsConditions" time="0.0" classname="tests.Admin_UserTest">
    <ignored/>
  </testcase> <!-- testUserisAbleToFilterByNameFieldWithContainsConditions -->
  <testcase name="testUserIsNotAbleToLoginIntoApplicationWhenDisabledUserProfile" time="0.0" classname="tests.Admin_UserTest">
    <ignored/>
  </testcase> <!-- testUserIsNotAbleToLoginIntoApplicationWhenDisabledUserProfile -->
  <testcase name="testApplicationAllowToFilterUserByEmailDropdownCondition" time="0.0" classname="tests.Admin_UserTest">
    <ignored/>
  </testcase> <!-- testApplicationAllowToFilterUserByEmailDropdownCondition -->
  <testcase name="testApplicationAllowsToCreateNewUserWithAdministrationRole" time="0.0" classname="tests.Admin_UserTest">
    <ignored/>
  </testcase> <!-- testApplicationAllowsToCreateNewUserWithAdministrationRole -->
  <testcase name="testApplicationAllowToFilterUserByRoleCondition" time="0.0" classname="tests.Admin_UserTest">
    <ignored/>
  </testcase> <!-- testApplicationAllowToFilterUserByRoleCondition -->
  <testcase name="testUserIsNotAbleToLoginIntoApplicationWhenUserProfileIsDeleted" time="0.0" classname="tests.Admin_UserTest">
    <ignored/>
  </testcase> <!-- testUserIsNotAbleToLoginIntoApplicationWhenUserProfileIsDeleted -->
  <testcase name="testPasswordComplexityRequirementsNotMet" time="0.0" classname="tests.Admin_UserTest">
    <ignored/>
  </testcase> <!-- testPasswordComplexityRequirementsNotMet -->
</testsuite>
